2023-04-28 22:20:46,112 INFO ru.dmitry.yandexTaxi.YandexTaxiApplication [main] Starting YandexTaxiApplication using Java 17.0.2 on LAPTOP-OUHQC63F with PID 17700 (D:\YandexTaxiBackend\yandexTaxiService\target\classes started by dmitr in D:\YandexTaxiBackend\yandexTaxiService)
2023-04-28 22:20:46,117 INFO ru.dmitry.yandexTaxi.YandexTaxiApplication [main] No active profile set, falling back to 1 default profile: "default"
2023-04-28 22:20:47,567 INFO org.springframework.boot.web.embedded.tomcat.TomcatWebServer [main] Tomcat initialized with port(s): 8080 (http)
2023-04-28 22:20:47,583 INFO org.apache.coyote.http11.Http11NioProtocol [main] Initializing ProtocolHandler ["http-nio-8080"]
2023-04-28 22:20:47,584 INFO org.apache.catalina.core.StandardService [main] Starting service [Tomcat]
2023-04-28 22:20:47,585 INFO org.apache.catalina.core.StandardEngine [main] Starting Servlet engine: [Apache Tomcat/9.0.68]
2023-04-28 22:20:47,714 INFO org.apache.catalina.core.ContainerBase.[Tomcat].[localhost].[/] [main] Initializing Spring embedded WebApplicationContext
2023-04-28 22:20:47,714 INFO org.springframework.boot.web.servlet.context.ServletWebServerApplicationContext [main] Root WebApplicationContext: initialization completed in 1521 ms
2023-04-28 22:20:48,235 WARN org.springframework.boot.autoconfigure.thymeleaf.ThymeleafAutoConfiguration$DefaultTemplateResolverConfiguration [main] Cannot find template location: classpath:/templates/ (please add some templates, check your Thymeleaf configuration, or set spring.thymeleaf.check-template-location=false)
2023-04-28 22:20:48,309 INFO org.apache.coyote.http11.Http11NioProtocol [main] Starting ProtocolHandler ["http-nio-8080"]
2023-04-28 22:20:48,372 INFO org.springframework.boot.web.embedded.tomcat.TomcatWebServer [main] Tomcat started on port(s): 8080 (http) with context path ''
2023-04-28 22:20:48,394 INFO ru.dmitry.yandexTaxi.YandexTaxiApplication [main] Started YandexTaxiApplication in 2.822 seconds (JVM running for 3.83)
2023-04-28 22:20:48,429 INFO ru.dmitry.yandexTaxi.service.YandexTaxiService [main] Пользователь хочет узнать расстояние от Людиново до Брянск
2023-04-28 22:57:16,751 INFO ru.dmitry.yandexTaxi.YandexTaxiApplication [main] Starting YandexTaxiApplication using Java 17.0.2 on LAPTOP-OUHQC63F with PID 12240 (D:\YandexTaxiBackend\yandexTaxiService\target\classes started by dmitr in D:\YandexTaxiBackend\yandexTaxiService)
2023-04-28 22:57:16,755 INFO ru.dmitry.yandexTaxi.YandexTaxiApplication [main] No active profile set, falling back to 1 default profile: "default"
2023-04-28 22:57:18,401 INFO org.springframework.boot.web.embedded.tomcat.TomcatWebServer [main] Tomcat initialized with port(s): 8080 (http)
2023-04-28 22:57:18,441 INFO org.apache.coyote.http11.Http11NioProtocol [main] Initializing ProtocolHandler ["http-nio-8080"]
2023-04-28 22:57:18,441 INFO org.apache.catalina.core.StandardService [main] Starting service [Tomcat]
2023-04-28 22:57:18,444 INFO org.apache.catalina.core.StandardEngine [main] Starting Servlet engine: [Apache Tomcat/9.0.68]
2023-04-28 22:57:18,766 INFO org.apache.catalina.core.ContainerBase.[Tomcat].[localhost].[/] [main] Initializing Spring embedded WebApplicationContext
2023-04-28 22:57:18,766 INFO org.springframework.boot.web.servlet.context.ServletWebServerApplicationContext [main] Root WebApplicationContext: initialization completed in 1928 ms
2023-04-28 22:57:19,395 WARN org.springframework.boot.autoconfigure.thymeleaf.ThymeleafAutoConfiguration$DefaultTemplateResolverConfiguration [main] Cannot find template location: classpath:/templates/ (please add some templates, check your Thymeleaf configuration, or set spring.thymeleaf.check-template-location=false)
2023-04-28 22:57:19,451 INFO org.apache.coyote.http11.Http11NioProtocol [main] Starting ProtocolHandler ["http-nio-8080"]
2023-04-28 22:57:19,486 INFO org.springframework.boot.web.embedded.tomcat.TomcatWebServer [main] Tomcat started on port(s): 8080 (http) with context path ''
2023-04-28 22:57:19,503 INFO ru.dmitry.yandexTaxi.YandexTaxiApplication [main] Started YandexTaxiApplication in 3.462 seconds (JVM running for 4.554)
2023-04-28 22:57:40,695 INFO ru.dmitry.yandexTaxi.YandexTaxiApplication [main] Starting YandexTaxiApplication using Java 17.0.2 on LAPTOP-OUHQC63F with PID 6204 (D:\YandexTaxiBackend\yandexTaxiService\target\classes started by dmitr in D:\YandexTaxiBackend\yandexTaxiService)
2023-04-28 22:57:40,700 INFO ru.dmitry.yandexTaxi.YandexTaxiApplication [main] No active profile set, falling back to 1 default profile: "default"
2023-04-28 22:57:42,222 INFO org.springframework.boot.web.embedded.tomcat.TomcatWebServer [main] Tomcat initialized with port(s): 8080 (http)
2023-04-28 22:57:42,238 INFO org.apache.coyote.http11.Http11NioProtocol [main] Initializing ProtocolHandler ["http-nio-8080"]
2023-04-28 22:57:42,239 INFO org.apache.catalina.core.StandardService [main] Starting service [Tomcat]
2023-04-28 22:57:42,239 INFO org.apache.catalina.core.StandardEngine [main] Starting Servlet engine: [Apache Tomcat/9.0.68]
2023-04-28 22:57:42,380 INFO org.apache.catalina.core.ContainerBase.[Tomcat].[localhost].[/] [main] Initializing Spring embedded WebApplicationContext
2023-04-28 22:57:42,380 INFO org.springframework.boot.web.servlet.context.ServletWebServerApplicationContext [main] Root WebApplicationContext: initialization completed in 1602 ms
2023-04-28 22:57:42,913 WARN org.springframework.boot.autoconfigure.thymeleaf.ThymeleafAutoConfiguration$DefaultTemplateResolverConfiguration [main] Cannot find template location: classpath:/templates/ (please add some templates, check your Thymeleaf configuration, or set spring.thymeleaf.check-template-location=false)
2023-04-28 22:57:42,961 INFO org.apache.coyote.http11.Http11NioProtocol [main] Starting ProtocolHandler ["http-nio-8080"]
2023-04-28 22:57:42,994 INFO org.springframework.boot.web.embedded.tomcat.TomcatWebServer [main] Tomcat started on port(s): 8080 (http) with context path ''
2023-04-28 22:57:43,008 INFO ru.dmitry.yandexTaxi.YandexTaxiApplication [main] Started YandexTaxiApplication in 2.923 seconds (JVM running for 3.689)
